<?xml version="1.0" encoding="UTF-8"?>
<testng-results skipped="0" failed="0" total="1" passed="1">
  <reporter-output>
  </reporter-output>
  <suite name="com.omar.selenium.tutoriales.SeleniumTest" duration-ms="13203" started-at="2018-03-28T14:54:14Z" finished-at="2018-03-28T14:54:27Z">
    <groups>
    </groups>
    <test name="Command line test" duration-ms="13203" started-at="2018-03-28T14:54:14Z" finished-at="2018-03-28T14:54:27Z">
      <class name="com.omar.selenium.tutoriales.SeleniumTest">
        <test-method status="PASS" signature="getTitleAutentiaTest()[pri:0, instance:com.omar.selenium.tutoriales.SeleniumTest@246ae04d]" name="getTitleAutentiaTest" duration-ms="13172" started-at="2018-03-28T08:54:14Z" finished-at="2018-03-28T08:54:27Z">
          <reporter-output>
          </reporter-output>
        </test-method> <!-- getTitleAutentiaTest -->
      </class> <!-- com.omar.selenium.tutoriales.SeleniumTest -->
    </test> <!-- Command line test -->
  </suite> <!-- com.omar.selenium.tutoriales.SeleniumTest -->
</testng-results>
